#! /c/Source/iverilog-install/bin/vvp
:ivl_version "12.0 (devel)" "(s20150603-1110-g18392a46)";
:ivl_delay_selection "TYPICAL";
:vpi_time_precision - 15;
:vpi_module "C:\iverilog\lib\ivl\system.vpi";
:vpi_module "C:\iverilog\lib\ivl\vhdl_sys.vpi";
:vpi_module "C:\iverilog\lib\ivl\vhdl_textio.vpi";
:vpi_module "C:\iverilog\lib\ivl\v2005_math.vpi";
:vpi_module "C:\iverilog\lib\ivl\va_math.vpi";
S_000001f8e3734e00 .scope module, "tb_async_fifo" "tb_async_fifo" 2 3;
 .timescale -9 -15;
P_000001f8e37584b0 .param/l "ADDR_WIDTH" 0 2 7, +C4<00000000000000000000000000000100>;
P_000001f8e37584e8 .param/l "DATA_WIDTH" 0 2 6, +C4<00000000000000000000000000001000>;
v000001f8e37bfd00_0 .var "data_in", 7 0;
v000001f8e37c00c0_0 .net "data_out", 7 0, L_000001f8e3764cd0;  1 drivers
v000001f8e37c0160_0 .net "empty", 0 0, v000001f8e3732900_0;  1 drivers
v000001f8e37be9a0_0 .var/i "errors", 31 0;
v000001f8e37bef40_0 .var "expected_data", 7 0;
v000001f8e37c02a0_0 .net "full", 0 0, v000001f8e3734200_0;  1 drivers
v000001f8e37be900_0 .var/i "i", 31 0;
v000001f8e37bf620_0 .var "rd_clk", 0 0;
v000001f8e37bf6c0_0 .var "rd_en", 0 0;
v000001f8e37bfda0_0 .var "rd_en_d1", 0 0;
v000001f8e37bfee0_0 .var "rd_rst", 0 0;
v000001f8e37befe0_0 .var/i "reads_completed", 31 0;
v000001f8e37c0340_0 .var "wr_clk", 0 0;
v000001f8e37c03e0_0 .var "wr_en", 0 0;
v000001f8e37beae0_0 .var "wr_rst", 0 0;
E_000001f8e372fd40 .event negedge, v000001f8e37342a0_0;
S_000001f8e3734770 .scope begin, "BURST_WRITE_LOOP" "BURST_WRITE_LOOP" 2 93, 2 93 0, S_000001f8e3734e00;
 .timescale -9 -15;
E_000001f8e3730100 .event posedge, v000001f8e37bf4e0_0;
S_000001f8e3765ad0 .scope module, "dut" "fifo" 2 30, 3 3 0, S_000001f8e3734e00;
 .timescale -9 -12;
    .port_info 0 /INPUT 1 "wr_clk";
    .port_info 1 /INPUT 1 "wr_rst";
    .port_info 2 /INPUT 1 "wr_en";
    .port_info 3 /INPUT 8 "data_in";
    .port_info 4 /OUTPUT 1 "full";
    .port_info 5 /INPUT 1 "rd_clk";
    .port_info 6 /INPUT 1 "rd_rst";
    .port_info 7 /INPUT 1 "rd_en";
    .port_info 8 /OUTPUT 8 "data_out";
    .port_info 9 /OUTPUT 1 "empty";
P_000001f8e3765c60 .param/l "ADDR_WIDTH" 0 3 5, +C4<00000000000000000000000000000100>;
P_000001f8e3765c98 .param/l "DATA_WIDTH" 0 3 4, +C4<00000000000000000000000000001000>;
P_000001f8e3765cd0 .param/l "DEPTH" 1 3 20, +C4<000000000000000000000000000000010000>;
P_000001f8e3765d08 .param/l "MEM_SIZE_BITS" 1 3 21, +C4<00000000000000000000000000000000000000000000000000000000000010000000>;
L_000001f8e3764c60 .functor NOT 5, L_000001f8e37bf1c0, C4<00000>, C4<00000>, C4<00000>;
L_000001f8e3764f00 .functor AND 5, L_000001f8e37bf080, L_000001f8e3764c60, C4<11111>, C4<11111>;
L_000001f8e3764d40 .functor XOR 5, L_000001f8e37bea40, L_000001f8e37c0480, C4<00000>, C4<00000>;
L_000001f8e3764f70 .functor NOT 2, L_000001f8e37bfbc0, C4<00>, C4<00>, C4<00>;
L_000001f8e3765210 .functor NOT 5, L_000001f8e37be680, C4<00000>, C4<00000>, C4<00000>;
L_000001f8e3764fe0 .functor AND 5, L_000001f8e37bf8a0, L_000001f8e3765210, C4<11111>, C4<11111>;
L_000001f8e37657c0 .functor XOR 5, L_000001f8e37be720, L_000001f8e37becc0, C4<00000>, C4<00000>;
L_000001f8e37656e0 .functor NOT 1, v000001f8e3734200_0, C4<0>, C4<0>, C4<0>;
L_000001f8e37650c0 .functor AND 1, v000001f8e37c03e0_0, L_000001f8e37656e0, C4<1>, C4<1>;
L_000001f8e3765750 .functor NOT 1, v000001f8e3732900_0, C4<0>, C4<0>, C4<0>;
L_000001f8e3765130 .functor AND 1, v000001f8e37bf6c0_0, L_000001f8e3765750, C4<1>, C4<1>;
L_000001f8e3764cd0 .functor BUFZ 8, v000001f8e3733080_0, C4<00000000>, C4<00000000>, C4<00000000>;
v000001f8e3732c20_0 .net *"_ivl_0", 4 0, L_000001f8e37bf080;  1 drivers
v000001f8e3733c60_0 .net *"_ivl_10", 4 0, L_000001f8e3764f00;  1 drivers
v000001f8e37331c0_0 .net *"_ivl_14", 4 0, L_000001f8e37bea40;  1 drivers
v000001f8e37329a0_0 .net *"_ivl_16", 3 0, L_000001f8e37c0520;  1 drivers
L_000001f8e37f0118 .functor BUFT 1, C4<0>, C4<0>, C4<0>, C4<0>;
v000001f8e3733ee0_0 .net *"_ivl_18", 0 0, L_000001f8e37f0118;  1 drivers
v000001f8e3732d60_0 .net *"_ivl_23", 1 0, L_000001f8e37bfbc0;  1 drivers
v000001f8e3732ea0_0 .net *"_ivl_24", 1 0, L_000001f8e3764f70;  1 drivers
v000001f8e3733300_0 .net *"_ivl_27", 2 0, L_000001f8e37bf800;  1 drivers
v000001f8e3733f80_0 .net *"_ivl_28", 4 0, L_000001f8e37be7c0;  1 drivers
L_000001f8e37f0088 .functor BUFT 1, C4<0000>, C4<0>, C4<0>, C4<0>;
v000001f8e3733580_0 .net *"_ivl_3", 3 0, L_000001f8e37f0088;  1 drivers
v000001f8e3734340_0 .net *"_ivl_32", 4 0, L_000001f8e37bf8a0;  1 drivers
L_000001f8e37f0160 .functor BUFT 1, C4<0000>, C4<0>, C4<0>, C4<0>;
v000001f8e3734020_0 .net *"_ivl_35", 3 0, L_000001f8e37f0160;  1 drivers
v000001f8e37336c0_0 .net *"_ivl_36", 4 0, L_000001f8e37be680;  1 drivers
L_000001f8e37f01a8 .functor BUFT 1, C4<0000>, C4<0>, C4<0>, C4<0>;
v000001f8e3733d00_0 .net *"_ivl_39", 3 0, L_000001f8e37f01a8;  1 drivers
v000001f8e3733120_0 .net *"_ivl_4", 4 0, L_000001f8e37bf1c0;  1 drivers
v000001f8e37334e0_0 .net *"_ivl_40", 4 0, L_000001f8e3765210;  1 drivers
v000001f8e3732f40_0 .net *"_ivl_42", 4 0, L_000001f8e3764fe0;  1 drivers
v000001f8e37333a0_0 .net *"_ivl_46", 4 0, L_000001f8e37be720;  1 drivers
v000001f8e37339e0_0 .net *"_ivl_48", 3 0, L_000001f8e37bf260;  1 drivers
L_000001f8e37f01f0 .functor BUFT 1, C4<0>, C4<0>, C4<0>, C4<0>;
v000001f8e3732cc0_0 .net *"_ivl_50", 0 0, L_000001f8e37f01f0;  1 drivers
v000001f8e3734480_0 .net *"_ivl_56", 0 0, L_000001f8e37656e0;  1 drivers
v000001f8e3733760_0 .net *"_ivl_60", 0 0, L_000001f8e3765750;  1 drivers
L_000001f8e37f00d0 .functor BUFT 1, C4<0000>, C4<0>, C4<0>, C4<0>;
v000001f8e3733da0_0 .net *"_ivl_7", 3 0, L_000001f8e37f00d0;  1 drivers
v000001f8e37340c0_0 .net *"_ivl_8", 4 0, L_000001f8e3764c60;  1 drivers
v000001f8e3734160_0 .net "data_in", 7 0, v000001f8e37bfd00_0;  1 drivers
v000001f8e3732860_0 .net "data_out", 7 0, L_000001f8e3764cd0;  alias, 1 drivers
v000001f8e3732900_0 .var "empty", 0 0;
v000001f8e3733800_0 .net "empty_val", 0 0, L_000001f8e37bfa80;  1 drivers
v000001f8e3734200_0 .var "full", 0 0;
v000001f8e3733260_0 .net "full_val", 0 0, L_000001f8e37bec20;  1 drivers
v000001f8e37342a0_0 .net "rd_clk", 0 0, v000001f8e37bf620_0;  1 drivers
v000001f8e37338a0_0 .net "rd_en", 0 0, v000001f8e37bf6c0_0;  1 drivers
v000001f8e3732720_0 .net "rd_en_safe", 0 0, L_000001f8e3765130;  1 drivers
v000001f8e37325e0_0 .var "rd_ptr_bin", 4 0;
v000001f8e3733a80_0 .net "rd_ptr_bin_next", 4 0, L_000001f8e37becc0;  1 drivers
v000001f8e37327c0_0 .var "rd_ptr_gray", 4 0;
v000001f8e3732e00_0 .net "rd_ptr_gray_next", 4 0, L_000001f8e37657c0;  1 drivers
v000001f8e3733bc0_0 .var "rd_ptr_gray_sync1", 4 0;
v000001f8e3732a40_0 .var "rd_ptr_gray_sync2", 4 0;
v000001f8e3732fe0_0 .net "rd_rst", 0 0, v000001f8e37bfee0_0;  1 drivers
v000001f8e3733e40_0 .var "rd_rst_sync1", 0 0;
v000001f8e3732ae0_0 .var "rd_rst_sync2", 0 0;
v000001f8e3733080_0 .var "sim_dout", 7 0;
v000001f8e37c0200 .array "sim_mem", 15 0, 7 0;
v000001f8e37bf4e0_0 .net "wr_clk", 0 0, v000001f8e37c0340_0;  1 drivers
v000001f8e37bf940_0 .net "wr_en", 0 0, v000001f8e37c03e0_0;  1 drivers
v000001f8e37bf9e0_0 .net "wr_en_safe", 0 0, L_000001f8e37650c0;  1 drivers
v000001f8e37c0020_0 .var "wr_ptr_bin", 4 0;
v000001f8e37beb80_0 .net "wr_ptr_bin_next", 4 0, L_000001f8e37c0480;  1 drivers
v000001f8e37bf580_0 .var "wr_ptr_gray", 4 0;
v000001f8e37bf120_0 .net "wr_ptr_gray_next", 4 0, L_000001f8e3764d40;  1 drivers
v000001f8e37bfe40_0 .var "wr_ptr_gray_sync1", 4 0;
v000001f8e37bf760_0 .var "wr_ptr_gray_sync2", 4 0;
v000001f8e37beea0_0 .net "wr_rst", 0 0, v000001f8e37beae0_0;  1 drivers
v000001f8e37bfb20_0 .var "wr_rst_sync1", 0 0;
v000001f8e37bff80_0 .var "wr_rst_sync2", 0 0;
E_000001f8e372f2c0 .event posedge, v000001f8e37342a0_0;
E_000001f8e372e4c0 .event posedge, v000001f8e3732ae0_0, v000001f8e37342a0_0;
E_000001f8e372ec00 .event posedge, v000001f8e37bff80_0, v000001f8e37bf4e0_0;
E_000001f8e372ea40 .event posedge, v000001f8e3732fe0_0, v000001f8e37342a0_0;
E_000001f8e372e500 .event posedge, v000001f8e37beea0_0, v000001f8e37bf4e0_0;
L_000001f8e37bf080 .concat [ 1 4 0 0], v000001f8e37c03e0_0, L_000001f8e37f0088;
L_000001f8e37bf1c0 .concat [ 1 4 0 0], v000001f8e3734200_0, L_000001f8e37f00d0;
L_000001f8e37c0480 .arith/sum 5, v000001f8e37c0020_0, L_000001f8e3764f00;
L_000001f8e37c0520 .part L_000001f8e37c0480, 1, 4;
L_000001f8e37bea40 .concat [ 4 1 0 0], L_000001f8e37c0520, L_000001f8e37f0118;
L_000001f8e37bfbc0 .part v000001f8e3732a40_0, 3, 2;
L_000001f8e37bf800 .part v000001f8e3732a40_0, 0, 3;
L_000001f8e37be7c0 .concat [ 3 2 0 0], L_000001f8e37bf800, L_000001f8e3764f70;
L_000001f8e37bec20 .cmp/eq 5, L_000001f8e3764d40, L_000001f8e37be7c0;
L_000001f8e37bf8a0 .concat [ 1 4 0 0], v000001f8e37bf6c0_0, L_000001f8e37f0160;
L_000001f8e37be680 .concat [ 1 4 0 0], v000001f8e3732900_0, L_000001f8e37f01a8;
L_000001f8e37becc0 .arith/sum 5, v000001f8e37325e0_0, L_000001f8e3764fe0;
L_000001f8e37bf260 .part L_000001f8e37becc0, 1, 4;
L_000001f8e37be720 .concat [ 4 1 0 0], L_000001f8e37bf260, L_000001f8e37f01f0;
L_000001f8e37bfa80 .cmp/eq 5, L_000001f8e37657c0, v000001f8e37bf760_0;
    .scope S_000001f8e3765ad0;
T_0 ;
    %wait E_000001f8e372e500;
    %load/vec4 v000001f8e37beea0_0;
    %flag_set/vec4 8;
    %jmp/0xz  T_0.0, 8;
    %pushi/vec4 1, 0, 1;
    %assign/vec4 v000001f8e37bfb20_0, 0;
    %pushi/vec4 1, 0, 1;
    %assign/vec4 v000001f8e37bff80_0, 0;
    %jmp T_0.1;
T_0.0 ;
    %pushi/vec4 0, 0, 1;
    %assign/vec4 v000001f8e37bfb20_0, 0;
    %load/vec4 v000001f8e37bfb20_0;
    %assign/vec4 v000001f8e37bff80_0, 0;
T_0.1 ;
    %jmp T_0;
    .thread T_0;
    .scope S_000001f8e3765ad0;
T_1 ;
    %wait E_000001f8e372ea40;
    %load/vec4 v000001f8e3732fe0_0;
    %flag_set/vec4 8;
    %jmp/0xz  T_1.0, 8;
    %pushi/vec4 1, 0, 1;
    %assign/vec4 v000001f8e3733e40_0, 0;
    %pushi/vec4 1, 0, 1;
    %assign/vec4 v000001f8e3732ae0_0, 0;
    %jmp T_1.1;
T_1.0 ;
    %pushi/vec4 0, 0, 1;
    %assign/vec4 v000001f8e3733e40_0, 0;
    %load/vec4 v000001f8e3733e40_0;
    %assign/vec4 v000001f8e3732ae0_0, 0;
T_1.1 ;
    %jmp T_1;
    .thread T_1;
    .scope S_000001f8e3765ad0;
T_2 ;
    %wait E_000001f8e372ec00;
    %load/vec4 v000001f8e37bff80_0;
    %flag_set/vec4 8;
    %jmp/0xz  T_2.0, 8;
    %pushi/vec4 0, 0, 5;
    %assign/vec4 v000001f8e37c0020_0, 0;
    %pushi/vec4 0, 0, 5;
    %assign/vec4 v000001f8e37bf580_0, 0;
    %jmp T_2.1;
T_2.0 ;
    %load/vec4 v000001f8e37beb80_0;
    %assign/vec4 v000001f8e37c0020_0, 0;
    %load/vec4 v000001f8e37bf120_0;
    %assign/vec4 v000001f8e37bf580_0, 0;
T_2.1 ;
    %jmp T_2;
    .thread T_2;
    .scope S_000001f8e3765ad0;
T_3 ;
    %wait E_000001f8e372ec00;
    %load/vec4 v000001f8e37bff80_0;
    %flag_set/vec4 8;
    %jmp/0xz  T_3.0, 8;
    %pushi/vec4 0, 0, 5;
    %assign/vec4 v000001f8e3733bc0_0, 0;
    %pushi/vec4 0, 0, 5;
    %assign/vec4 v000001f8e3732a40_0, 0;
    %jmp T_3.1;
T_3.0 ;
    %load/vec4 v000001f8e37327c0_0;
    %assign/vec4 v000001f8e3733bc0_0, 0;
    %load/vec4 v000001f8e3733bc0_0;
    %assign/vec4 v000001f8e3732a40_0, 0;
T_3.1 ;
    %jmp T_3;
    .thread T_3;
    .scope S_000001f8e3765ad0;
T_4 ;
    %wait E_000001f8e372ec00;
    %load/vec4 v000001f8e37bff80_0;
    %flag_set/vec4 8;
    %jmp/0xz  T_4.0, 8;
    %pushi/vec4 0, 0, 1;
    %assign/vec4 v000001f8e3734200_0, 0;
    %jmp T_4.1;
T_4.0 ;
    %load/vec4 v000001f8e3733260_0;
    %assign/vec4 v000001f8e3734200_0, 0;
T_4.1 ;
    %jmp T_4;
    .thread T_4;
    .scope S_000001f8e3765ad0;
T_5 ;
    %wait E_000001f8e372e4c0;
    %load/vec4 v000001f8e3732ae0_0;
    %flag_set/vec4 8;
    %jmp/0xz  T_5.0, 8;
    %pushi/vec4 0, 0, 5;
    %assign/vec4 v000001f8e37325e0_0, 0;
    %pushi/vec4 0, 0, 5;
    %assign/vec4 v000001f8e37327c0_0, 0;
    %jmp T_5.1;
T_5.0 ;
    %load/vec4 v000001f8e3733a80_0;
    %assign/vec4 v000001f8e37325e0_0, 0;
    %load/vec4 v000001f8e3732e00_0;
    %assign/vec4 v000001f8e37327c0_0, 0;
T_5.1 ;
    %jmp T_5;
    .thread T_5;
    .scope S_000001f8e3765ad0;
T_6 ;
    %wait E_000001f8e372e4c0;
    %load/vec4 v000001f8e3732ae0_0;
    %flag_set/vec4 8;
    %jmp/0xz  T_6.0, 8;
    %pushi/vec4 0, 0, 5;
    %assign/vec4 v000001f8e37bfe40_0, 0;
    %pushi/vec4 0, 0, 5;
    %assign/vec4 v000001f8e37bf760_0, 0;
    %jmp T_6.1;
T_6.0 ;
    %load/vec4 v000001f8e37bf580_0;
    %assign/vec4 v000001f8e37bfe40_0, 0;
    %load/vec4 v000001f8e37bfe40_0;
    %assign/vec4 v000001f8e37bf760_0, 0;
T_6.1 ;
    %jmp T_6;
    .thread T_6;
    .scope S_000001f8e3765ad0;
T_7 ;
    %wait E_000001f8e372e4c0;
    %load/vec4 v000001f8e3732ae0_0;
    %flag_set/vec4 8;
    %jmp/0xz  T_7.0, 8;
    %pushi/vec4 1, 0, 1;
    %assign/vec4 v000001f8e3732900_0, 0;
    %jmp T_7.1;
T_7.0 ;
    %load/vec4 v000001f8e3733800_0;
    %assign/vec4 v000001f8e3732900_0, 0;
T_7.1 ;
    %jmp T_7;
    .thread T_7;
    .scope S_000001f8e3765ad0;
T_8 ;
    %wait E_000001f8e3730100;
    %load/vec4 v000001f8e37bf9e0_0;
    %flag_set/vec4 8;
    %jmp/0xz  T_8.0, 8;
    %load/vec4 v000001f8e3734160_0;
    %load/vec4 v000001f8e37c0020_0;
    %parti/s 4, 0, 2;
    %pad/u 6;
    %ix/vec4 3;
    %ix/load 4, 0, 0; Constant delay
    %assign/vec4/a/d v000001f8e37c0200, 0, 4;
T_8.0 ;
    %jmp T_8;
    .thread T_8;
    .scope S_000001f8e3765ad0;
T_9 ;
    %wait E_000001f8e372f2c0;
    %load/vec4 v000001f8e3732720_0;
    %flag_set/vec4 8;
    %jmp/0xz  T_9.0, 8;
    %load/vec4 v000001f8e37325e0_0;
    %parti/s 4, 0, 2;
    %pad/u 6;
    %ix/vec4 4;
    %load/vec4a v000001f8e37c0200, 4;
    %assign/vec4 v000001f8e3733080_0, 0;
T_9.0 ;
    %jmp T_9;
    .thread T_9;
    .scope S_000001f8e3734e00;
T_10 ;
    %pushi/vec4 0, 0, 1;
    %store/vec4 v000001f8e37c0340_0, 0, 1;
    %pushi/vec4 1, 0, 1;
    %store/vec4 v000001f8e37beae0_0, 0, 1;
    %pushi/vec4 0, 0, 1;
    %store/vec4 v000001f8e37c03e0_0, 0, 1;
    %pushi/vec4 0, 0, 8;
    %store/vec4 v000001f8e37bfd00_0, 0, 8;
    %pushi/vec4 0, 0, 1;
    %store/vec4 v000001f8e37bf620_0, 0, 1;
    %pushi/vec4 1, 0, 1;
    %store/vec4 v000001f8e37bfee0_0, 0, 1;
    %pushi/vec4 0, 0, 1;
    %store/vec4 v000001f8e37bf6c0_0, 0, 1;
    %pushi/vec4 0, 0, 8;
    %store/vec4 v000001f8e37bef40_0, 0, 8;
    %pushi/vec4 0, 0, 1;
    %store/vec4 v000001f8e37bfda0_0, 0, 1;
    %pushi/vec4 0, 0, 32;
    %store/vec4 v000001f8e37be9a0_0, 0, 32;
    %pushi/vec4 0, 0, 32;
    %store/vec4 v000001f8e37befe0_0, 0, 32;
    %end;
    .thread T_10;
    .scope S_000001f8e3734e00;
T_11 ;
    %delay 250000000, 0;
    %load/vec4 v000001f8e37c0340_0;
    %inv;
    %store/vec4 v000001f8e37c0340_0, 0, 1;
    %jmp T_11;
    .thread T_11;
    .scope S_000001f8e3734e00;
T_12 ;
    %delay 2000000, 0;
    %load/vec4 v000001f8e37bf620_0;
    %inv;
    %store/vec4 v000001f8e37bf620_0, 0, 1;
    %jmp T_12;
    .thread T_12;
    .scope S_000001f8e3734e00;
T_13 ;
    %wait E_000001f8e372f2c0;
    %load/vec4 v000001f8e37bfee0_0;
    %flag_set/vec4 8;
    %jmp/0xz  T_13.0, 8;
    %pushi/vec4 0, 0, 1;
    %assign/vec4 v000001f8e37bfda0_0, 0;
    %jmp T_13.1;
T_13.0 ;
    %load/vec4 v000001f8e37bf6c0_0;
    %assign/vec4 v000001f8e37bfda0_0, 0;
T_13.1 ;
    %jmp T_13;
    .thread T_13;
    .scope S_000001f8e3734e00;
T_14 ;
    %wait E_000001f8e372fd40;
    %load/vec4 v000001f8e37bfda0_0;
    %flag_set/vec4 8;
    %jmp/0xz  T_14.0, 8;
    %load/vec4 v000001f8e37befe0_0;
    %addi 1, 0, 32;
    %store/vec4 v000001f8e37befe0_0, 0, 32;
    %load/vec4 v000001f8e37c00c0_0;
    %load/vec4 v000001f8e37bef40_0;
    %cmp/ne;
    %jmp/0xz  T_14.2, 6;
    %vpi_call 2 62 "$display", "[FAIL] Time: %0t | Expected: %0d, Got: %0d", $time, v000001f8e37bef40_0, v000001f8e37c00c0_0 {0 0 0};
    %load/vec4 v000001f8e37be9a0_0;
    %addi 1, 0, 32;
    %store/vec4 v000001f8e37be9a0_0, 0, 32;
    %jmp T_14.3;
T_14.2 ;
    %vpi_call 2 65 "$display", "[PASS] Time: %0t | Read Data: %0d", $time, v000001f8e37c00c0_0 {0 0 0};
T_14.3 ;
    %load/vec4 v000001f8e37bef40_0;
    %addi 1, 0, 8;
    %store/vec4 v000001f8e37bef40_0, 0, 8;
T_14.0 ;
    %jmp T_14;
    .thread T_14;
    .scope S_000001f8e3734e00;
T_15 ;
    %vpi_call 2 77 "$dumpfile", "fifo_waves.vcd" {0 0 0};
    %vpi_call 2 78 "$dumpvars", 32'sb00000000000000000000000000000000, S_000001f8e3734e00 {0 0 0};
    %vpi_call 2 80 "$display", "Starting Asynchronous FIFO Test..." {0 0 0};
    %delay 250000000, 0;
    %pushi/vec4 0, 0, 1;
    %store/vec4 v000001f8e37beae0_0, 0, 1;
    %pushi/vec4 0, 0, 1;
    %store/vec4 v000001f8e37bfee0_0, 0, 1;
    %delay 250000000, 0;
    %vpi_call 2 89 "$display", "\012--- Phase 1: Burst Write ---" {0 0 0};
    %wait E_000001f8e3730100;
    %delay 1000000, 0;
    %fork t_1, S_000001f8e3734770;
    %jmp t_0;
    .scope S_000001f8e3734770;
t_1 ;
    %pushi/vec4 0, 0, 32;
    %store/vec4 v000001f8e37be900_0, 0, 32;
T_15.0 ;
    %load/vec4 v000001f8e37be900_0;
    %cmpi/s 20, 0, 32;
    %jmp/0xz T_15.1, 5;
    %load/vec4 v000001f8e37c02a0_0;
    %nor/r;
    %flag_set/vec4 8;
    %jmp/0xz  T_15.2, 8;
    %pushi/vec4 1, 0, 1;
    %store/vec4 v000001f8e37c03e0_0, 0, 1;
    %load/vec4 v000001f8e37be900_0;
    %pad/s 8;
    %store/vec4 v000001f8e37bfd00_0, 0, 8;
    %vpi_call 2 98 "$display", "[WRITE] Time: %0t | Writing Data: %0d", $time, v000001f8e37bfd00_0 {0 0 0};
    %jmp T_15.3;
T_15.2 ;
    %pushi/vec4 0, 0, 1;
    %store/vec4 v000001f8e37c03e0_0, 0, 1;
    %vpi_call 2 101 "$display", "[WRITE] FIFO Full detected. Pausing writes." {0 0 0};
    %disable S_000001f8e3734770;
T_15.3 ;
    %wait E_000001f8e3730100;
    %delay 1000000, 0;
    %load/vec4 v000001f8e37be900_0;
    %addi 1, 0, 32;
    %store/vec4 v000001f8e37be900_0, 0, 32;
    %jmp T_15.0;
T_15.1 ;
    %end;
    .scope S_000001f8e3734e00;
t_0 %join;
    %pushi/vec4 0, 0, 1;
    %store/vec4 v000001f8e37c03e0_0, 0, 1;
    %delay 500000000, 0;
    %vpi_call 2 114 "$display", "\012--- Phase 2: Burst Read ---" {0 0 0};
    %wait E_000001f8e372f2c0;
    %delay 1000000, 0;
T_15.4 ;
    %load/vec4 v000001f8e37c0160_0;
    %nor/r;
    %flag_set/vec4 8;
    %jmp/0xz T_15.5, 8;
    %pushi/vec4 1, 0, 1;
    %store/vec4 v000001f8e37bf6c0_0, 0, 1;
    %wait E_000001f8e372f2c0;
    %delay 1000000, 0;
    %jmp T_15.4;
T_15.5 ;
    %pushi/vec4 0, 0, 1;
    %store/vec4 v000001f8e37bf6c0_0, 0, 1;
    %vpi_call 2 123 "$display", "[READ] FIFO Empty detected." {0 0 0};
    %vpi_call 2 126 "$display", "\012--- Phase 3: Concurrent Operations ---" {0 0 0};
    %fork t_3, S_000001f8e3734e00;
    %fork t_4, S_000001f8e3734e00;
    %join;
    %join;
    %jmp t_2;
t_3 ;
    %pushi/vec4 16, 0, 32;
    %store/vec4 v000001f8e37be900_0, 0, 32;
T_15.6 ;
    %load/vec4 v000001f8e37be900_0;
    %cmpi/s 50, 0, 32;
    %jmp/0xz T_15.7, 5;
    %wait E_000001f8e3730100;
    %delay 1000000, 0;
T_15.8 ;
    %load/vec4 v000001f8e37c02a0_0;
    %flag_set/vec4 8;
    %jmp/0xz T_15.9, 8;
    %pushi/vec4 0, 0, 1;
    %store/vec4 v000001f8e37c03e0_0, 0, 1;
    %wait E_000001f8e3730100;
    %delay 1000000, 0;
    %jmp T_15.8;
T_15.9 ;
    %pushi/vec4 1, 0, 1;
    %store/vec4 v000001f8e37c03e0_0, 0, 1;
    %load/vec4 v000001f8e37be900_0;
    %pad/s 8;
    %store/vec4 v000001f8e37bfd00_0, 0, 8;
    %load/vec4 v000001f8e37be900_0;
    %addi 1, 0, 32;
    %store/vec4 v000001f8e37be900_0, 0, 32;
    %jmp T_15.6;
T_15.7 ;
    %wait E_000001f8e3730100;
    %delay 1000000, 0;
    %pushi/vec4 0, 0, 1;
    %store/vec4 v000001f8e37c03e0_0, 0, 1;
    %end;
t_4 ;
T_15.10 ;
    %load/vec4 v000001f8e37befe0_0;
    %cmpi/s 50, 0, 32;
    %jmp/0xz T_15.11, 5;
    %wait E_000001f8e372f2c0;
    %delay 1000000, 0;
    %load/vec4 v000001f8e37c0160_0;
    %nor/r;
    %flag_set/vec4 8;
    %jmp/0xz  T_15.12, 8;
    %pushi/vec4 1, 0, 1;
    %store/vec4 v000001f8e37bf6c0_0, 0, 1;
    %jmp T_15.13;
T_15.12 ;
    %pushi/vec4 0, 0, 1;
    %store/vec4 v000001f8e37bf6c0_0, 0, 1;
T_15.13 ;
    %jmp T_15.10;
T_15.11 ;
    %wait E_000001f8e372f2c0;
    %delay 1000000, 0;
    %pushi/vec4 0, 0, 1;
    %store/vec4 v000001f8e37bf6c0_0, 0, 1;
    %end;
    .scope S_000001f8e3734e00;
t_2 ;
    %delay 100000000, 0;
    %vpi_call 2 162 "$display", "\012--- TEST SUMMARY ---" {0 0 0};
    %vpi_call 2 163 "$display", "Total Words Read: %0d", v000001f8e37befe0_0 {0 0 0};
    %load/vec4 v000001f8e37be9a0_0;
    %pushi/vec4 0, 0, 32;
    %cmp/e;
    %flag_get/vec4 4;
    %load/vec4 v000001f8e37befe0_0;
    %pushi/vec4 50, 0, 32;
    %cmp/e;
    %flag_get/vec4 4;
    %and;
    %flag_set/vec4 8;
    %jmp/0xz  T_15.14, 8;
    %vpi_call 2 165 "$display", "RESULT: [SUCCESS] No dropped, duplicated, or metastable bits!" {0 0 0};
    %jmp T_15.15;
T_15.14 ;
    %vpi_call 2 167 "$display", "RESULT: [FAILED] %0d errors detected.", v000001f8e37be9a0_0 {0 0 0};
T_15.15 ;
    %vpi_call 2 169 "$finish" {0 0 0};
    %end;
    .thread T_15;
# The file index is used to find the file name in the following table.
:file_names 4;
    "N/A";
    "<interactive>";
    "tb_async_fifo.v";
    "fifo.v";
